<?xml version="1.0" encoding="UTF-8"?>
<testng-results ignored="0" total="1" passed="1" failed="0" skipped="0">
  <reporter-output>
  </reporter-output>
  <suite started-at="2024-01-26T03:10:40 IST" name="Default suite" finished-at="2024-01-26T03:10:53 IST" duration-ms="12450">
    <groups>
    </groups>
    <test started-at="2024-01-26T03:10:40 IST" name="Default test" finished-at="2024-01-26T03:10:53 IST" duration-ms="12450">
      <class name="TestCases.MyFirstLoginTest">
        <test-method is-config="true" signature="setUP()[pri:0, instance:TestCases.MyFirstLoginTest@3e8c3cb]" started-at="2024-01-26T03:10:40 IST" name="setUP" finished-at="2024-01-26T03:10:46 IST" duration-ms="5982" status="PASS">
          <reporter-output>
          </reporter-output>
        </test-method> <!-- setUP -->
        <test-method signature="logIn()[pri:0, instance:TestCases.MyFirstLoginTest@3e8c3cb]" started-at="2024-01-26T03:10:46 IST" name="logIn" finished-at="2024-01-26T03:10:53 IST" duration-ms="6299" status="PASS">
          <reporter-output>
          </reporter-output>
        </test-method> <!-- logIn -->
        <test-method is-config="true" signature="tearUp()[pri:0, instance:TestCases.MyFirstLoginTest@3e8c3cb]" started-at="2024-01-26T03:10:53 IST" name="tearUp" finished-at="2024-01-26T03:10:53 IST" duration-ms="114" status="PASS">
          <reporter-output>
          </reporter-output>
        </test-method> <!-- tearUp -->
      </class> <!-- TestCases.MyFirstLoginTest -->
    </test> <!-- Default test -->
  </suite> <!-- Default suite -->
</testng-results>
